0 info it worked if it ends with ok
1 verbose cli [ 'C:\\Program Files\\nodejs\\node.exe',
1 verbose cli   'C:\\Users\\DeadBlue\\AppData\\Roaming\\npm\\node_modules\\cnpm\\node_modules\\npm\\bin\\npm-cli.js',
1 verbose cli   '--userconfig=C:\\Users\\DeadBlue\\.cnpmrc',
1 verbose cli   '--disturl=https://npm.taobao.org/mirrors/node',
1 verbose cli   '--cache=C:\\Users\\DeadBlue\\.cnpm',
1 verbose cli   '--registry=https://registry.npm.taobao.org',
1 verbose cli   '--node-gyp=C:\\Users\\DeadBlue\\AppData\\Roaming\\npm\\node_modules\\cnpm\\node_modules\\node-gyp\\bin\\node-gyp.js',
1 verbose cli   'install',
1 verbose cli   '-g',
1 verbose cli   'bower' ]
2 info using npm@2.14.5
3 info using node@v4.1.1
4 verbose install initial load of C:\Program Files\nodejs\package.json
5 verbose readDependencies loading dependencies from C:\Program Files\nodejs\package.json
6 silly cache add args [ 'bower', null ]
7 verbose cache add spec bower
8 silly cache add parsed spec Result {
8 silly cache add   raw: 'bower',
8 silly cache add   scope: null,
8 silly cache add   name: 'bower',
8 silly cache add   rawSpec: '',
8 silly cache add   spec: '*',
8 silly cache add   type: 'range' }
9 silly addNamed bower@*
10 verbose addNamed "*" is a valid semver range for bower
11 silly addNameRange { name: 'bower', range: '*', hasData: false }
12 silly mapToRegistry name bower
13 silly mapToRegistry using default registry
14 silly mapToRegistry registry https://registry.npm.taobao.org/
15 silly mapToRegistry uri https://registry.npm.taobao.org/bower
16 verbose addNameRange registry:https://registry.npm.taobao.org/bower not in flight; fetching
17 verbose request uri https://registry.npm.taobao.org/bower
18 verbose request no auth needed
19 info attempt registry request try #1 at 10:30:46
20 verbose request id 2f0f411f5dc2b5c6
21 verbose etag "22bbf-JgxAj5bqaBI+mAGehrabnQ"
22 http request GET https://registry.npm.taobao.org/bower
23 http 200 https://registry.npm.taobao.org/bower
24 verbose headers { server: 'nginx/1.1.19',
24 verbose headers   date: 'Tue, 20 Oct 2015 02:30:43 GMT',
24 verbose headers   'content-type': 'application/json; charset=utf-8',
24 verbose headers   'transfer-encoding': 'chunked',
24 verbose headers   connection: 'keep-alive',
24 verbose headers   etag: '"24732-Hywo+I61mKtYf9ofgIthKQ"',
24 verbose headers   'x-readtime': '156',
24 verbose headers   'content-encoding': 'gzip' }
25 silly get cb [ 200,
25 silly get   { server: 'nginx/1.1.19',
25 silly get     date: 'Tue, 20 Oct 2015 02:30:43 GMT',
25 silly get     'content-type': 'application/json; charset=utf-8',
25 silly get     'transfer-encoding': 'chunked',
25 silly get     connection: 'keep-alive',
25 silly get     etag: '"24732-Hywo+I61mKtYf9ofgIthKQ"',
25 silly get     'x-readtime': '156',
25 silly get     'content-encoding': 'gzip' } ]
26 verbose get saving bower to C:\Users\DeadBlue\.cnpm\registry.npm.taobao.org\bower\.cache.json
27 silly addNameRange number 2 { name: 'bower', range: '*', hasData: true }
28 silly addNameRange versions [ 'bower',
28 silly addNameRange   [ '1.6.3',
28 silly addNameRange     '1.6.2',
28 silly addNameRange     '1.5.3',
28 silly addNameRange     '1.5.2',
28 silly addNameRange     '1.5.1',
28 silly addNameRange     '1.5.0',
28 silly addNameRange     '1.4.1',
28 silly addNameRange     '1.4.0',
28 silly addNameRange     '1.3.12',
28 silly addNameRange     '1.3.11',
28 silly addNameRange     '1.3.10',
28 silly addNameRange     '1.3.9',
28 silly addNameRange     '1.3.8',
28 silly addNameRange     '1.3.7',
28 silly addNameRange     '1.3.6',
28 silly addNameRange     '1.3.5',
28 silly addNameRange     '1.3.4',
28 silly addNameRange     '1.3.3',
28 silly addNameRange     '1.3.2',
28 silly addNameRange     '1.3.1',
28 silly addNameRange     '1.3.0',
28 silly addNameRange     '1.2.8',
28 silly addNameRange     '1.2.7',
28 silly addNameRange     '1.2.6',
28 silly addNameRange     '1.2.5',
28 silly addNameRange     '1.2.4',
28 silly addNameRange     '1.2.3',
28 silly addNameRange     '1.2.2',
28 silly addNameRange     '1.2.1',
28 silly addNameRange     '1.2.0',
28 silly addNameRange     '1.1.2',
28 silly addNameRange     '1.1.1',
28 silly addNameRange     '1.1.0',
28 silly addNameRange     '1.0.3',
28 silly addNameRange     '1.0.2',
28 silly addNameRange     '1.0.1',
28 silly addNameRange     '1.0.0',
28 silly addNameRange     '0.10.0',
28 silly addNameRange     '0.9.2',
28 silly addNameRange     '0.9.1',
28 silly addNameRange     '0.9.0',
28 silly addNameRange     '0.8.6',
28 silly addNameRange     '0.8.5',
28 silly addNameRange     '0.8.4',
28 silly addNameRange     '0.8.3',
28 silly addNameRange     '0.8.2',
28 silly addNameRange     '0.8.1',
28 silly addNameRange     '0.8.0',
28 silly addNameRange     '0.7.1',
28 silly addNameRange     '0.7.0',
28 silly addNameRange     '0.6.8',
28 silly addNameRange     '0.6.7',
28 silly addNameRange     '0.6.6',
28 silly addNameRange     '0.6.5',
28 silly addNameRange     '0.6.4',
28 silly addNameRange     '0.6.3',
28 silly addNameRange     '0.6.2',
28 silly addNameRange     '0.6.1',
28 silly addNameRange     '0.6.0',
28 silly addNameRange     '0.5.1',
28 silly addNameRange     '0.5.0',
28 silly addNameRange     '0.4.0',
28 silly addNameRange     '0.3.2',
28 silly addNameRange     '0.3.1',
28 silly addNameRange     '0.3.0',
28 silly addNameRange     '0.2.0',
28 silly addNameRange     '0.1.3',
28 silly addNameRange     '0.1.2',
28 silly addNameRange     '0.1.0' ] ]
29 silly addNamed bower@1.6.3
30 verbose addNamed "1.6.3" is a plain semver version for bower
31 silly mapToRegistry name bower
32 silly mapToRegistry using default registry
33 silly mapToRegistry registry https://registry.npm.taobao.org/
34 silly mapToRegistry uri https://registry.npm.taobao.org/bower
35 verbose addRemoteTarball https://registry.npm.taobao.org/bower/download/bower-1.6.3.tgz not in flight; adding
36 verbose addRemoteTarball [ 'https://registry.npm.taobao.org/bower/download/bower-1.6.3.tgz',
36 verbose addRemoteTarball   '70ab999e25dec5c078afcaf545a991f683dc1ea6' ]
37 info retry fetch attempt 1 at 10:30:49
38 info attempt registry request try #1 at 10:30:49
39 http fetch GET https://registry.npm.taobao.org/bower/download/bower-1.6.3.tgz
40 info retry will retry, error on last attempt: Error: getaddrinfo ENOTFOUND cnpm.oss-cn-hangzhou.aliyuncs.com cnpm.oss-cn-hangzhou.aliyuncs.com:80
41 info attempt registry request try #2 at 10:31:11
42 http fetch GET https://registry.npm.taobao.org/bower/download/bower-1.6.3.tgz
43 http fetch 200 https://registry.npm.taobao.org/bower/download/bower-1.6.3.tgz
44 silly fetchAndShaCheck shasum 70ab999e25dec5c078afcaf545a991f683dc1ea6
45 verbose addTmpTarball C:\Users\DeadBlue\AppData\Local\Temp\npm-1452-0a9c0902\registry.npm.taobao.org\bower\download\bower-1.6.3.tgz not in flight; adding
46 verbose addTmpTarball already have metadata; skipping unpack for bower@1.6.3
47 silly cache afterAdd bower@1.6.3
48 verbose afterAdd C:\Users\DeadBlue\.cnpm\bower\1.6.3\package\package.json not in flight; writing
49 verbose afterAdd C:\Users\DeadBlue\.cnpm\bower\1.6.3\package\package.json written
50 silly install resolved [ { name: 'bower',
50 silly install resolved     version: '1.6.3',
50 silly install resolved     description: 'The browser package manager',
50 silly install resolved     author: { name: 'Twitter' },
50 silly install resolved     license: 'MIT',
50 silly install resolved     repository: { type: 'git', url: 'git+https://github.com/bower/bower.git' },
50 silly install resolved     main: 'lib',
50 silly install resolved     homepage: 'http://bower.io',
50 silly install resolved     engines: { node: '>=0.10.0' },
50 silly install resolved     keywords: [ 'bower' ],
50 silly install resolved     dependencies:
50 silly install resolved      { abbrev: '^1.0.5',
50 silly install resolved        archy: '1.0.0',
50 silly install resolved        'bower-config': '^1.2.2',
50 silly install resolved        'bower-endpoint-parser': '^0.2.2',
50 silly install resolved        'bower-json': '^0.4.0',
50 silly install resolved        'bower-logger': '^0.2.2',
50 silly install resolved        'bower-registry-client': '^1.0.0',
50 silly install resolved        cardinal: '0.4.4',
50 silly install resolved        chalk: '^1.0.0',
50 silly install resolved        chmodr: '^1.0.2',
50 silly install resolved        configstore: '^0.3.2',
50 silly install resolved        'decompress-zip': '^0.1.0',
50 silly install resolved        destroy: '^1.0.3',
50 silly install resolved        'fs-write-stream-atomic': '^1.0.4',
50 silly install resolved        fstream: '^1.0.3',
50 silly install resolved        'fstream-ignore': '^1.0.2',
50 silly install resolved        github: '^0.2.3',
50 silly install resolved        glob: '^4.3.2',
50 silly install resolved        'graceful-fs': '^3.0.5',
50 silly install resolved        handlebars: '^2.0.0',
50 silly install resolved        inquirer: '0.10.0',
50 silly install resolved        insight: '^0.7.0',
50 silly install resolved        'is-root': '^1.0.0',
50 silly install resolved        junk: '^1.0.0',
50 silly install resolved        lockfile: '^1.0.0',
50 silly install resolved        'lru-cache': '^2.5.0',
50 silly install resolved        'md5-hex': '^1.0.2',
50 silly install resolved        mkdirp: '0.5.0',
50 silly install resolved        mout: '^0.11.0',
50 silly install resolved        nopt: '^3.0.1',
50 silly install resolved        opn: '^1.0.1',
50 silly install resolved        'p-throttler': '0.1.1',
50 silly install resolved        promptly: '0.2.0',
50 silly install resolved        q: '^1.1.2',
50 silly install resolved        request: '2.53.0',
50 silly install resolved        'request-progress': '0.3.1',
50 silly install resolved        retry: '0.6.1',
50 silly install resolved        rimraf: '^2.2.8',
50 silly install resolved        semver: '^2.3.0',
50 silly install resolved        'shell-quote': '^1.4.2',
50 silly install resolved        'stringify-object': '^1.0.0',
50 silly install resolved        'tar-fs': '^1.4.1',
50 silly install resolved        tmp: '0.0.24',
50 silly install resolved        'update-notifier': '^0.3.0',
50 silly install resolved        'user-home': '^1.1.0',
50 silly install resolved        which: '^1.0.8' },
50 silly install resolved     devDependencies:
50 silly install resolved      { chai: '^1.10.0',
50 silly install resolved        coveralls: '^2.11.2',
50 silly install resolved        'expect.js': '^0.3.1',
50 silly install resolved        grunt: '^0.4.5',
50 silly install resolved        'grunt-cli': '^0.1.13',
50 silly install resolved        'grunt-contrib-jshint': '^0.10.0',
50 silly install resolved        'grunt-contrib-watch': '^0.6.1',
50 silly install resolved        'grunt-exec': '^0.4.6',
50 silly install resolved        'grunt-simple-mocha': '^0.4.0',
50 silly install resolved        istanbul: '^0.3.5',
50 silly install resolved        'load-grunt-tasks': '^2.0.0',
50 silly install resolved        mocha: '^2.1.0',
50 silly install resolved        multiline: '^1.0.2',
50 silly install resolved        nock: '^2.13.0',
50 silly install resolved        'node-uuid': '^1.4.2',
50 silly install resolved        'npm-shrinkwrap': '^5.4.1',
50 silly install resolved        proxyquire: '^1.3.0',
50 silly install resolved        'spawn-sync': '^1.0.5' },
50 silly install resolved     scripts: { test: 'grunt test' },
50 silly install resolved     bin: { bower: 'bin/bower' },
50 silly install resolved     files: [ 'bin', 'lib', 'templates' ],
50 silly install resolved     gitHead: '2330d59ffa8f4f543a9f6ee4b0301e396236bf45',
50 silly install resolved     bugs: { url: 'https://github.com/bower/bower/issues' },
50 silly install resolved     bundleDependencies:
50 silly install resolved      [ 'abbrev',
50 silly install resolved        'archy',
50 silly install resolved        'bower-config',
50 silly install resolved        'bower-endpoint-parser',
50 silly install resolved        'bower-json',
50 silly install resolved        'bower-logger',
50 silly install resolved        'bower-registry-client',
50 silly install resolved        'cardinal',
50 silly install resolved        'chalk',
50 silly install resolved        'chmodr',
50 silly install resolved        'configstore',
50 silly install resolved        'decompress-zip',
50 silly install resolved        'destroy',
50 silly install resolved        'fs-write-stream-atomic',
50 silly install resolved        'fstream',
50 silly install resolved        'fstream-ignore',
50 silly install resolved        'github',
50 silly install resolved        'glob',
50 silly install resolved        'graceful-fs',
50 silly install resolved        'handlebars',
50 silly install resolved        'inquirer',
50 silly install resolved        'insight',
50 silly install resolved        'is-root',
50 silly install resolved        'junk',
50 silly install resolved        'lockfile',
50 silly install resolved        'lru-cache',
50 silly install resolved        'md5-hex',
50 silly install resolved        'mkdirp',
50 silly install resolved        'mout',
50 silly install resolved        'nopt',
50 silly install resolved        'opn',
50 silly install resolved        'p-throttler',
50 silly install resolved        'promptly',
50 silly install resolved        'q',
50 silly install resolved        'request',
50 silly install resolved        'request-progress',
50 silly install resolved        'retry',
50 silly install resolved        'rimraf',
50 silly install resolved        'semver',
50 silly install resolved        'shell-quote',
50 silly install resolved        'stringify-object',
50 silly install resolved        'tar-fs',
50 silly install resolved        'tmp',
50 silly install resolved        'update-notifier',
50 silly install resolved        'user-home',
50 silly install resolved        'which' ],
50 silly install resolved     _id: 'bower@1.6.3',
50 silly install resolved     _shasum: '70ab999e25dec5c078afcaf545a991f683dc1ea6',
50 silly install resolved     _from: 'bower@*',
50 silly install resolved     _npmVersion: '2.14.7',
50 silly install resolved     _nodeVersion: '4.1.1',
50 silly install resolved     _npmUser: { name: 'sheerun', email: 'sheerun@sher.pl' },
50 silly install resolved     dist:
50 silly install resolved      { shasum: '70ab999e25dec5c078afcaf545a991f683dc1ea6',
50 silly install resolved        size: 3218310,
50 silly install resolved        noattachment: false,
50 silly install resolved        tarball: 'http://registry.npm.taobao.org/bower/download/bower-1.6.3.tgz' },
50 silly install resolved     maintainers: [ [Object], [Object], [Object], [Object], [Object], [Object] ],
50 silly install resolved     directories: {},
50 silly install resolved     publish_time: 1444988985556,
50 silly install resolved     _cnpm_publish_time: 1444988985556,
50 silly install resolved     _resolved: 'https://registry.npm.taobao.org/bower/download/bower-1.6.3.tgz' } ]
51 info install bower@1.6.3 into C:\Program Files\nodejs
52 info installOne bower@1.6.3
53 verbose installOne of bower to C:\Program Files\nodejs not in flight; installing
54 verbose lock using C:\Users\DeadBlue\.cnpm\_locks\bower-c09afa036a5c141c.lock for C:\Program Files\nodejs\node_modules\bower
55 silly install write writing bower 1.6.3 to C:\Program Files\nodejs\node_modules\bower
56 verbose unbuild node_modules\bower
57 info preuninstall bower@1.5.3
58 info uninstall bower@1.5.3
59 verbose unbuild rmStuff bower@1.5.3 from C:\Program Files\nodejs\node_modules
60 silly gentlyRm C:\Program Files\nodejs\bower.cmd is being gently removed
61 silly gentlyRm verifying C:\Program Files\nodejs is an npm working directory
62 silly gentlyRm containing path C:\Program Files\nodejs is under npm's control, in C:\Program Files\nodejs
63 silly gentlyRm deletion target C:\Program Files\nodejs\bower.cmd is under C:\Program Files\nodejs
64 verbose gentlyRm vacuuming from C:\Program Files\nodejs\bower.cmd up to C:\Program Files\nodejs
65 silly vacuum-fs removing C:\Program Files\nodejs\bower.cmd
66 verbose unlock done using C:\Users\DeadBlue\.cnpm\_locks\bower-c09afa036a5c141c.lock for C:\Program Files\nodejs\node_modules\bower
67 verbose stack Error: EPERM: operation not permitted, unlink 'C:\Program Files\nodejs\bower.cmd'
67 verbose stack     at Error (native)
68 verbose cwd e:\MEAN Web Development\project2
69 error Windows_NT 10.0.10240
70 error argv "C:\\Program Files\\nodejs\\node.exe" "C:\\Users\\DeadBlue\\AppData\\Roaming\\npm\\node_modules\\cnpm\\node_modules\\npm\\bin\\npm-cli.js" "--userconfig=C:\\Users\\DeadBlue\\.cnpmrc" "--disturl=https://npm.taobao.org/mirrors/node" "--cache=C:\\Users\\DeadBlue\\.cnpm" "--registry=https://registry.npm.taobao.org" "--node-gyp=C:\\Users\\DeadBlue\\AppData\\Roaming\\npm\\node_modules\\cnpm\\node_modules\\node-gyp\\bin\\node-gyp.js" "install" "-g" "bower"
71 error node v4.1.1
72 error npm  v2.14.5
73 error path C:\Program Files\nodejs\bower.cmd
74 error code EPERM
75 error errno -4048
76 error syscall unlink
77 error Error: EPERM: operation not permitted, unlink 'C:\Program Files\nodejs\bower.cmd'
77 error     at Error (native)
77 error  { [Error: EPERM: operation not permitted, unlink 'C:\Program Files\nodejs\bower.cmd']
77 error   errno: -4048,
77 error   code: 'EPERM',
77 error   syscall: 'unlink',
77 error   path: 'C:\\Program Files\\nodejs\\bower.cmd' }
78 error Please try running this command again as root/Administrator.
79 verbose exit [ -4048, true ]
80 verbose unbuild node_modules\bower
81 info preuninstall bower@1.5.3
82 info uninstall bower@1.5.3
83 verbose unbuild rmStuff bower@1.5.3 from C:\Program Files\nodejs\node_modules
84 silly gentlyRm C:\Program Files\nodejs\bower.cmd is being gently removed
85 silly gentlyRm verifying C:\Program Files\nodejs is an npm working directory
86 silly gentlyRm containing path C:\Program Files\nodejs is under npm's control, in C:\Program Files\nodejs
87 silly gentlyRm deletion target C:\Program Files\nodejs\bower.cmd is under C:\Program Files\nodejs
88 verbose gentlyRm vacuuming from C:\Program Files\nodejs\bower.cmd up to C:\Program Files\nodejs
89 silly vacuum-fs removing C:\Program Files\nodejs\bower.cmd
90 error error rolling back Error: EPERM: operation not permitted, unlink 'C:\Program Files\nodejs\bower.cmd'
90 error error rolling back     at Error (native)
90 error error rolling back  { [Error: EPERM: operation not permitted, unlink 'C:\Program Files\nodejs\bower.cmd']
90 error error rolling back   errno: -4048,
90 error error rolling back   code: 'EPERM',
90 error error rolling back   syscall: 'unlink',
90 error error rolling back   path: 'C:\\Program Files\\nodejs\\bower.cmd' }
